<?xml version="1.0" encoding="UTF-8"?>
<testsuite xmlns:xsi="http://www.w3.org/2001/XMLSchema-instance" xsi:noNamespaceSchemaLocation="https://maven.apache.org/surefire/maven-surefire-plugin/xsd/surefire-test-report.xsd" name="com.aipalcare.clinician.registration.AppTest" time="0.034" tests="1" errors="0" skipped="0" failures="0">
  <properties>
    <property name="sun.desktop" value="windows"/>
    <property name="awt.toolkit" value="sun.awt.windows.WToolkit"/>
    <property name="file.encoding.pkg" value="sun.io"/>
    <property name="java.specification.version" value="1.8"/>
    <property name="sun.cpu.isalist" value="amd64"/>
    <property name="sun.jnu.encoding" value="Cp1252"/>
    <property name="java.class.path" value="C:\Users\rebec\Documents\workspace-spring-tool-suite-4-4.5.1.RELEASE6\clinician.registration\target\test-classes;C:\Users\rebec\Documents\workspace-spring-tool-suite-4-4.5.1.RELEASE6\clinician.registration\target\classes;C:\Users\rebec\.m2\repository\junit\junit\4.11\junit-4.11.jar;C:\Users\rebec\.m2\repository\org\hamcrest\hamcrest-core\1.3\hamcrest-core-1.3.jar;C:\Users\rebec\.m2\repository\org\projectlombok\lombok\1.18.12\lombok-1.18.12.jar;C:\Users\rebec\.m2\repository\com\amazonaws\aws-lambda-java-core\1.2.1\aws-lambda-java-core-1.2.1.jar;C:\Users\rebec\.m2\repository\com\amazonaws\aws-java-sdk-dynamodb\1.11.847\aws-java-sdk-dynamodb-1.11.847.jar;C:\Users\rebec\.m2\repository\com\amazonaws\aws-java-sdk-s3\1.11.847\aws-java-sdk-s3-1.11.847.jar;C:\Users\rebec\.m2\repository\com\amazonaws\aws-java-sdk-kms\1.11.847\aws-java-sdk-kms-1.11.847.jar;C:\Users\rebec\.m2\repository\com\amazonaws\aws-java-sdk-core\1.11.847\aws-java-sdk-core-1.11.847.jar;C:\Users\rebec\.m2\repository\commons-logging\commons-logging\1.1.3\commons-logging-1.1.3.jar;C:\Users\rebec\.m2\repository\org\apache\httpcomponents\httpclient\4.5.9\httpclient-4.5.9.jar;C:\Users\rebec\.m2\repository\org\apache\httpcomponents\httpcore\4.4.11\httpcore-4.4.11.jar;C:\Users\rebec\.m2\repository\commons-codec\commons-codec\1.11\commons-codec-1.11.jar;C:\Users\rebec\.m2\repository\software\amazon\ion\ion-java\1.0.2\ion-java-1.0.2.jar;C:\Users\rebec\.m2\repository\com\fasterxml\jackson\core\jackson-databind\2.6.7.3\jackson-databind-2.6.7.3.jar;C:\Users\rebec\.m2\repository\com\fasterxml\jackson\core\jackson-annotations\2.6.0\jackson-annotations-2.6.0.jar;C:\Users\rebec\.m2\repository\com\fasterxml\jackson\dataformat\jackson-dataformat-cbor\2.6.7\jackson-dataformat-cbor-2.6.7.jar;C:\Users\rebec\.m2\repository\joda-time\joda-time\2.8.1\joda-time-2.8.1.jar;C:\Users\rebec\.m2\repository\com\amazonaws\jmespath-java\1.11.847\jmespath-java-1.11.847.jar;C:\Users\rebec\.m2\repository\com\microsoft\azure\azure-storage\8.6.5\azure-storage-8.6.5.jar;C:\Users\rebec\.m2\repository\com\fasterxml\jackson\core\jackson-core\2.9.4\jackson-core-2.9.4.jar;C:\Users\rebec\.m2\repository\org\slf4j\slf4j-api\1.7.12\slf4j-api-1.7.12.jar;C:\Users\rebec\.m2\repository\org\apache\commons\commons-lang3\3.4\commons-lang3-3.4.jar;C:\Users\rebec\.m2\repository\com\microsoft\azure\azure-keyvault-core\1.0.0\azure-keyvault-core-1.0.0.jar;C:\Users\rebec\.m2\repository\com\google\guava\guava\20.0\guava-20.0.jar;"/>
    <property name="java.vm.vendor" value="Oracle Corporation"/>
    <property name="sun.arch.data.model" value="64"/>
    <property name="user.variant" value=""/>
    <property name="java.vendor.url" value="http://java.oracle.com/"/>
    <property name="user.timezone" value="America/New_York"/>
    <property name="java.vm.specification.version" value="1.8"/>
    <property name="os.name" value="Windows 10"/>
    <property name="user.country" value="US"/>
    <property name="sun.java.launcher" value="SUN_STANDARD"/>
    <property name="sun.boot.library.path" value="C:\Program Files\Java\jre1.8.0_261\bin"/>
    <property name="sun.java.command" value="C:\Users\rebec\AppData\Local\Temp\surefire2713905576049638389\surefirebooter8129806711927241765.jar C:\Users\rebec\AppData\Local\Temp\surefire2713905576049638389 2021-02-20T16-47-36_977-jvmRun1 surefire5856779869505327587tmp surefire_04906578827790514242tmp"/>
    <property name="surefire.test.class.path" value="C:\Users\rebec\Documents\workspace-spring-tool-suite-4-4.5.1.RELEASE6\clinician.registration\target\test-classes;C:\Users\rebec\Documents\workspace-spring-tool-suite-4-4.5.1.RELEASE6\clinician.registration\target\classes;C:\Users\rebec\.m2\repository\junit\junit\4.11\junit-4.11.jar;C:\Users\rebec\.m2\repository\org\hamcrest\hamcrest-core\1.3\hamcrest-core-1.3.jar;C:\Users\rebec\.m2\repository\org\projectlombok\lombok\1.18.12\lombok-1.18.12.jar;C:\Users\rebec\.m2\repository\com\amazonaws\aws-lambda-java-core\1.2.1\aws-lambda-java-core-1.2.1.jar;C:\Users\rebec\.m2\repository\com\amazonaws\aws-java-sdk-dynamodb\1.11.847\aws-java-sdk-dynamodb-1.11.847.jar;C:\Users\rebec\.m2\repository\com\amazonaws\aws-java-sdk-s3\1.11.847\aws-java-sdk-s3-1.11.847.jar;C:\Users\rebec\.m2\repository\com\amazonaws\aws-java-sdk-kms\1.11.847\aws-java-sdk-kms-1.11.847.jar;C:\Users\rebec\.m2\repository\com\amazonaws\aws-java-sdk-core\1.11.847\aws-java-sdk-core-1.11.847.jar;C:\Users\rebec\.m2\repository\commons-logging\commons-logging\1.1.3\commons-logging-1.1.3.jar;C:\Users\rebec\.m2\repository\org\apache\httpcomponents\httpclient\4.5.9\httpclient-4.5.9.jar;C:\Users\rebec\.m2\repository\org\apache\httpcomponents\httpcore\4.4.11\httpcore-4.4.11.jar;C:\Users\rebec\.m2\repository\commons-codec\commons-codec\1.11\commons-codec-1.11.jar;C:\Users\rebec\.m2\repository\software\amazon\ion\ion-java\1.0.2\ion-java-1.0.2.jar;C:\Users\rebec\.m2\repository\com\fasterxml\jackson\core\jackson-databind\2.6.7.3\jackson-databind-2.6.7.3.jar;C:\Users\rebec\.m2\repository\com\fasterxml\jackson\core\jackson-annotations\2.6.0\jackson-annotations-2.6.0.jar;C:\Users\rebec\.m2\repository\com\fasterxml\jackson\dataformat\jackson-dataformat-cbor\2.6.7\jackson-dataformat-cbor-2.6.7.jar;C:\Users\rebec\.m2\repository\joda-time\joda-time\2.8.1\joda-time-2.8.1.jar;C:\Users\rebec\.m2\repository\com\amazonaws\jmespath-java\1.11.847\jmespath-java-1.11.847.jar;C:\Users\rebec\.m2\repository\com\microsoft\azure\azure-storage\8.6.5\azure-storage-8.6.5.jar;C:\Users\rebec\.m2\repository\com\fasterxml\jackson\core\jackson-core\2.9.4\jackson-core-2.9.4.jar;C:\Users\rebec\.m2\repository\org\slf4j\slf4j-api\1.7.12\slf4j-api-1.7.12.jar;C:\Users\rebec\.m2\repository\org\apache\commons\commons-lang3\3.4\commons-lang3-3.4.jar;C:\Users\rebec\.m2\repository\com\microsoft\azure\azure-keyvault-core\1.0.0\azure-keyvault-core-1.0.0.jar;C:\Users\rebec\.m2\repository\com\google\guava\guava\20.0\guava-20.0.jar;"/>
    <property name="sun.cpu.endian" value="little"/>
    <property name="user.home" value="C:\Users\rebec"/>
    <property name="user.language" value="en"/>
    <property name="java.specification.vendor" value="Oracle Corporation"/>
    <property name="java.home" value="C:\Program Files\Java\jre1.8.0_261"/>
    <property name="basedir" value="C:\Users\rebec\Documents\workspace-spring-tool-suite-4-4.5.1.RELEASE6\clinician.registration"/>
    <property name="style.color" value="always"/>
    <property name="file.separator" value="\"/>
    <property name="line.separator" value="&#10;"/>
    <property name="java.vm.specification.vendor" value="Oracle Corporation"/>
    <property name="java.specification.name" value="Java Platform API Specification"/>
    <property name="java.awt.graphicsenv" value="sun.awt.Win32GraphicsEnvironment"/>
    <property name="surefire.real.class.path" value="C:\Users\rebec\AppData\Local\Temp\surefire2713905576049638389\surefirebooter8129806711927241765.jar"/>
    <property name="sun.boot.class.path" value="C:\Program Files\Java\jre1.8.0_261\lib\resources.jar;C:\Program Files\Java\jre1.8.0_261\lib\rt.jar;C:\Program Files\Java\jre1.8.0_261\lib\sunrsasign.jar;C:\Program Files\Java\jre1.8.0_261\lib\jsse.jar;C:\Program Files\Java\jre1.8.0_261\lib\jce.jar;C:\Program Files\Java\jre1.8.0_261\lib\charsets.jar;C:\Program Files\Java\jre1.8.0_261\lib\jfr.jar;C:\Program Files\Java\jre1.8.0_261\classes"/>
    <property name="user.script" value=""/>
    <property name="sun.management.compiler" value="HotSpot 64-Bit Tiered Compilers"/>
    <property name="java.runtime.version" value="1.8.0_261-b12"/>
    <property name="user.name" value="rebec"/>
    <property name="path.separator" value=";"/>
    <property name="os.version" value="10.0"/>
    <property name="java.endorsed.dirs" value="C:\Program Files\Java\jre1.8.0_261\lib\endorsed"/>
    <property name="java.runtime.name" value="Java(TM) SE Runtime Environment"/>
    <property name="file.encoding" value="Cp1252"/>
    <property name="java.vm.name" value="Java HotSpot(TM) 64-Bit Server VM"/>
    <property name="localRepository" value="C:\Users\rebec\.m2\repository"/>
    <property name="java.vendor.url.bug" value="http://bugreport.sun.com/bugreport/"/>
    <property name="java.io.tmpdir" value="C:\Users\rebec\AppData\Local\Temp\"/>
    <property name="java.version" value="1.8.0_261"/>
    <property name="user.dir" value="C:\Users\rebec\Documents\workspace-spring-tool-suite-4-4.5.1.RELEASE6\clinician.registration"/>
    <property name="os.arch" value="amd64"/>
    <property name="java.vm.specification.name" value="Java Virtual Machine Specification"/>
    <property name="java.awt.printerjob" value="sun.awt.windows.WPrinterJob"/>
    <property name="sun.os.patch.level" value=""/>
    <property name="java.library.path" value="C:\Program Files\Java\jre1.8.0_261\bin;C:\WINDOWS\Sun\Java\bin;C:\WINDOWS\system32;C:\WINDOWS;C:/Program Files/Java/jre1.8.0_261/bin/server;C:/Program Files/Java/jre1.8.0_261/bin;C:/Program Files/Java/jre1.8.0_261/lib/amd64;C:\Program Files (x86)\Common Files\Oracle\Java\javapath;C:\WINDOWS\system32;C:\WINDOWS;C:\WINDOWS\System32\Wbem;C:\WINDOWS\System32\WindowsPowerShell\v1.0\;C:\WINDOWS\System32\OpenSSH\;C:\Program Files\Amazon\AWSCLIV2\;C:\Program Files\nodejs\;C:\Program Files\Amazon\AWSSAMCLI\bin\;C:\Users\rebec\AppData\Local\Microsoft\WindowsApps;C:\Users\rebec\AppData\Local\Programs\Microsoft VS Code\bin;C:\Users\rebec\AppData\Roaming\npm;C:\Users\rebec\AppData\Local\Programs\Git\cmd;C:\sts-4.5.1.RELEASE;;."/>
    <property name="java.vm.info" value="mixed mode"/>
    <property name="java.vendor" value="Oracle Corporation"/>
    <property name="java.vm.version" value="25.261-b12"/>
    <property name="java.ext.dirs" value="C:\Program Files\Java\jre1.8.0_261\lib\ext;C:\WINDOWS\Sun\Java\lib\ext"/>
    <property name="sun.io.unicode.encoding" value="UnicodeLittle"/>
    <property name="java.class.version" value="52.0"/>
  </properties>
  <testcase name="shouldAnswerWithTrue" classname="com.aipalcare.clinician.registration.AppTest" time="0.003"/>
</testsuite>